  Bar.cpp
  Row.cpp
  main.cpp
C:\Users\David\source\repos\Sound Visualizer\Sound Visualizer\Row.cpp(12,37): warning C4244:  'argument': conversion from 'double' to 'GLfloat', possible loss of data
C:\Users\David\source\repos\Sound Visualizer\Sound Visualizer\include\glm\detail\type_quat.hpp(45,1): warning C4201:  nonstandard extension used: nameless struct/union
C:\Users\David\source\repos\Sound Visualizer\Sound Visualizer\include\glm\detail\type_quat.hpp(125): message :  see reference to class template instantiation 'glm::qua<T,Q>' being compiled
C:\Program Files (x86)\Microsoft Visual Studio\2019\Community\VC\Tools\MSVC\14.22.27905\include\chrono(591): message :  see reference to class template instantiation 'std::chrono::duration<double,std::ratio<1,1>>' being compiled
C:\Program Files (x86)\Microsoft Visual Studio\2019\Community\VC\Tools\MSVC\14.22.27905\include\chrono(169): message :  see reference to class template instantiation 'std::chrono::duration<__int64,std::nano>' being compiled
C:\Program Files (x86)\Microsoft Visual Studio\2019\Community\VC\Tools\MSVC\14.22.27905\include\chrono(570): message :  see reference to class template instantiation 'std::chrono::time_point<std::chrono::steady_clock,std::chrono::steady_clock::duration>' being compiled
  Spectrum.cpp
  WaveReader.cpp
C:\Users\David\source\repos\Sound Visualizer\Sound Visualizer\main.cpp(112,17): warning C4244:  'argument': conversion from 'const _Ty' to 'DWORD', possible loss of data
C:\Users\David\source\repos\Sound Visualizer\Sound Visualizer\main.cpp(112,17): warning C4244:         with
C:\Users\David\source\repos\Sound Visualizer\Sound Visualizer\main.cpp(112,17): warning C4244:         [
C:\Users\David\source\repos\Sound Visualizer\Sound Visualizer\main.cpp(112,17): warning C4244:             _Ty=double
C:\Users\David\source\repos\Sound Visualizer\Sound Visualizer\main.cpp(112,17): warning C4244:         ]
C:\Users\David\source\repos\Sound Visualizer\Sound Visualizer\WaveReader.cpp(21,24): warning C4244:  'argument': conversion from 'double' to 'const unsigned __int64', possible loss of data
C:\Users\David\source\repos\Sound Visualizer\Sound Visualizer\WaveReader.cpp(29,19): warning C4456:  declaration of 'temp' hides previous local declaration
C:\Users\David\source\repos\Sound Visualizer\Sound Visualizer\WaveReader.cpp(10,15): message :  see declaration of 'temp'
  WaveReader.hpp
  Generating Code...
C:\Users\David\source\repos\Sound Visualizer\Sound Visualizer\WaveReader.cpp(33,26): warning C4018:  '>=': signed/unsigned mismatch
x64\Debug\WaveReader.obj : warning LNK4042: object specified more than once; extras ignored
  Sound Visualizer.vcxproj -> C:\Users\David\source\repos\Sound Visualizer\x64\Debug\Sound Visualizer.exe
